<?xml version="1.0" encoding="UTF-8"?>
<testng-results skipped="0" failed="0" ignored="0" total="1" passed="1">
  <reporter-output>
  </reporter-output>
  <suite name="Suite" duration-ms="24360" started-at="2020-05-11T15:30:12 CDT" finished-at="2020-05-11T15:30:36 CDT">
    <groups>
    </groups>
    <test name="Test" duration-ms="24360" started-at="2020-05-11T15:30:12 CDT" finished-at="2020-05-11T15:30:36 CDT">
      <class name="test.LoginTest">
        <test-method status="PASS" signature="validUserShouldabletologin()[pri:0, instance:test.LoginTest@65e2dbf3]" name="validUserShouldabletologin" duration-ms="24314" started-at="2020-05-11T15:30:12 CDT" finished-at="2020-05-11T15:30:36 CDT">
          <reporter-output>
          </reporter-output>
        </test-method> <!-- validUserShouldabletologin -->
      </class> <!-- test.LoginTest -->
    </test> <!-- Test -->
  </suite> <!-- Suite -->
</testng-results>
